2021-09-10 06:48:49,258 INFO org.springframework.boot.StartupInfoLogger [main] Starting JWTFilterTest using Java 11.0.11 on Berk-MacBook-Pro.local with PID 31820 (started by berktopcu in /Users/berktopcu/Desktop/works/projects/school-management/school-management-backend)
2021-09-10 06:48:49,261 DEBUG org.springframework.boot.StartupInfoLogger [main] Running with Spring Boot v2.5.3, Spring v5.3.9
2021-09-10 06:48:49,262 INFO org.springframework.boot.SpringApplication [main] The following profiles are active: local
2021-09-10 06:48:51,729 WARN com.zaxxer.hikari.util.DriverDataSource [main] Registered driver with driverClassName=com.mysql.jdbc.Driver was not found, trying direct instantiation.
2021-09-10 06:48:55,798 WARN org.springframework.boot.autoconfigure.orm.jpa.JpaBaseConfiguration$JpaWebConfiguration [main] spring.jpa.open-in-view is enabled by default. Therefore, database queries may be performed during view rendering. Explicitly configure spring.jpa.open-in-view to disable this warning
2021-09-10 06:48:58,107 INFO org.springframework.boot.StartupInfoLogger [main] Started JWTFilterTest in 9.182 seconds (JVM running for 11.369)
2021-09-10 06:48:58,422 INFO com.schoolplus.office.bootstrap.DataLoader [main] Initial User has been created
2021-09-10 06:48:58,698 INFO com.schoolplus.office.services.impl.AccessTokenServiceImpl [main] Access token has been created for the User in JWT format [userId: 8bb10cf9-2575-4d03-8b7e-8b45be23faa6]
2021-09-10 06:48:58,702 INFO com.schoolplus.office.services.impl.JwtServiceImpl [main] Access token is generated for the User [userId: 8bb10cf9-2575-4d03-8b7e-8b45be23faa6]
2021-09-10 06:48:58,818 INFO com.schoolplus.office.services.impl.AccessTokenServiceImpl [main] Access token has been created for the User in JWT format [userId: 8bb10cf9-2575-4d03-8b7e-8b45be23faa6]
2021-09-10 06:48:58,818 INFO com.schoolplus.office.services.impl.JwtServiceImpl [main] Access token is generated for the User [userId: 8bb10cf9-2575-4d03-8b7e-8b45be23faa6]
2021-09-10 06:48:59,014 INFO com.schoolplus.office.schedulers.RefreshTokensPurgeTask [scheduling-1] Expired tokens have been purged
2021-09-10 06:48:59,056 INFO com.schoolplus.office.services.impl.SyllabusServiceImpl [main] The Syllabus has been deleted successfully [syllabusId: 15, performedBy: username]
2021-09-10 06:48:59,109 WARN com.schoolplus.office.services.impl.SyllabusServiceImpl [main] Syllabus with given id does not exists [syllabusId: 12312312]
2021-09-10 06:48:59,424 INFO com.schoolplus.office.services.impl.SyllabusServiceImpl [main] The Syllabus has been updated successfully [syllabusId: 25, performedBy: username]
2021-09-10 06:48:59,535 WARN com.schoolplus.office.services.impl.SyllabusServiceImpl [main] Syllabus with given id does not exists [syllabusId: 12312312]
2021-09-10 06:48:59,615 WARN com.schoolplus.office.services.impl.SyllabusServiceImpl [main] Organization with given id does not exists [organizationId: 12312312]
2021-09-10 06:48:59,688 WARN com.schoolplus.office.services.impl.SyllabusServiceImpl [main] Lesson with given id does not exists [lessoNid: 123123123]
2021-09-10 06:48:59,780 WARN com.schoolplus.office.services.impl.SyllabusServiceImpl [main] Teacher with given id does not exists [teacherId: 3c43ffa7-bc6b-4df6-ae01-b47a290dad77]
2021-09-10 06:48:59,859 WARN com.schoolplus.office.services.impl.SyllabusServiceImpl [main] Classroom with given id does not exists [classRoomId: 12312312]
2021-09-10 06:49:00,007 INFO com.schoolplus.office.schedulers.RefreshTokensPurgeTask [scheduling-1] Expired tokens have been purged
2021-09-10 06:49:00,108 WARN com.schoolplus.office.services.impl.SyllabusServiceImpl [main] Syllabus with given id does not exists [syllabusId: 123123123]
2021-09-10 06:49:00,232 WARN com.schoolplus.office.services.impl.SyllabusServiceImpl [main] Teacher with given id does not exists [teacherId: 99aa7062-78e3-4c63-a33c-fa965585c31f]
2021-09-10 06:49:00,329 WARN com.schoolplus.office.services.impl.SyllabusServiceImpl [main] Organization with given id does not exists [organizationId: 123123]
2021-09-10 06:49:00,436 WARN com.schoolplus.office.services.impl.SyllabusServiceImpl [main] Lesson with given id does not exists [lessonId: 123123123]
2021-09-10 06:49:00,723 WARN com.schoolplus.office.services.impl.SyllabusServiceImpl [main] Classroom with given id does not exists [classRoomId: 123123123]
2021-09-10 06:49:00,839 WARN com.schoolplus.office.services.impl.SyllabusServiceImpl [main] Teacher with given id does not exists [teacherId: c0a9cb31-2667-4851-9185-d958b74a4c3e]
2021-09-10 06:49:00,900 WARN com.schoolplus.office.services.impl.SyllabusServiceImpl [main] Organization with given id does not exists [organizationId: 123123123]
2021-09-10 06:49:00,945 WARN com.schoolplus.office.services.impl.SyllabusServiceImpl [main] Classroom with given id does not exists [classRoomId: 123123]
2021-09-10 06:49:00,995 WARN com.schoolplus.office.services.impl.SyllabusServiceImpl [main] Lesson with given id does not exists [lessoNid: 123123]
2021-09-10 06:49:01,006 INFO com.schoolplus.office.schedulers.RefreshTokensPurgeTask [scheduling-1] Expired tokens have been purged
2021-09-10 06:49:01,052 INFO com.schoolplus.office.services.impl.SyllabusServiceImpl [main] The Syllabus has been created successfully [syllabusId: 143, performedBy: username]
2021-09-10 06:49:01,150 WARN com.schoolplus.office.services.impl.ContinuityServiceImpl [main] Continuity with given id does not exists [continuityId: 9fb1f51d-58ac-482f-8ef8-35cd1e0433d8]
2021-09-10 06:49:01,211 WARN com.schoolplus.office.services.impl.ContinuityServiceImpl [main] The Continuity has been deleted successfully [contiunityId: 99537599-4fb5-41b4-be32-ff25a7d73b2b, performedBy: username]
2021-09-10 06:49:01,320 WARN com.schoolplus.office.services.impl.ContinuityServiceImpl [main] Syllabus with given id does not exists [syllabusId: 123123123]
2021-09-10 06:49:01,406 WARN com.schoolplus.office.services.impl.ContinuityServiceImpl [main] Classroom with given id does not exists [classRoomId: 123123123]
2021-09-10 06:49:01,501 WARN com.schoolplus.office.services.impl.ContinuityServiceImpl [main] Organization with given id does not exists [organizationId: 12312312312]
2021-09-10 06:49:01,607 WARN com.schoolplus.office.services.impl.ContinuityServiceImpl [main] The Continuity has been updated successfully [continuityId: com.schoolplus.office.domain.Continuity@281e2377, performedBy: username]
2021-09-10 06:49:01,715 WARN com.schoolplus.office.services.impl.ContinuityServiceImpl [main] Continuity with given id does not exists [continuityId: 7b0c0d1f-493a-450a-b20e-d9b6e5320c55]
2021-09-10 06:49:01,843 WARN com.schoolplus.office.services.impl.ContinuityServiceImpl [main] Student with given id does not exists [studentId: bdab0f45-9e9a-4270-a919-f7f7ca726a9a]
2021-09-10 06:49:02,003 INFO com.schoolplus.office.schedulers.RefreshTokensPurgeTask [scheduling-1] Expired tokens have been purged
2021-09-10 06:49:02,227 WARN com.schoolplus.office.services.impl.ContinuityServiceImpl [main] Syllabus with given id does not exists [syllabusId: 12312312312]
2021-09-10 06:49:02,277 WARN com.schoolplus.office.services.impl.ContinuityServiceImpl [main] Classroom with given id does not exists [classRoomId: 12312312312]
2021-09-10 06:49:02,328 WARN com.schoolplus.office.services.impl.ContinuityServiceImpl [main] Continuity with given id does not exists [continuityId: ef19a81c-b7f9-4971-a2c4-da50f2ba41e4]
2021-09-10 06:49:02,374 WARN com.schoolplus.office.services.impl.ContinuityServiceImpl [main] Organization with given id does not exists [organizationId: 12312312]
2021-09-10 06:49:02,417 WARN com.schoolplus.office.services.impl.ContinuityServiceImpl [main] Student with given id does not exists [studentId: 8fde4c28-ff3b-43a2-9041-e681c9444ffb]
2021-09-10 06:49:02,462 INFO com.schoolplus.office.services.impl.ContinuityServiceImpl [main] Continuity has been created successfully [continuityId: bc81dbe9-2f9c-4c3f-969d-83bd45c33157, performedBy: username]
2021-09-10 06:49:02,523 WARN com.schoolplus.office.services.impl.ContinuityServiceImpl [main] Syllabus with given id does not exists [syllabusId: 1231232]
2021-09-10 06:49:02,573 WARN com.schoolplus.office.services.impl.ContinuityServiceImpl [main] Organization with given id does not exists [organizationId: 12312312]
2021-09-10 06:49:02,622 WARN com.schoolplus.office.services.impl.ContinuityServiceImpl [main] Student with given id does not exists [studentId: bfa728b3-d1c5-4ca2-9ab4-cd9b269841b3]
2021-09-10 06:49:02,676 WARN com.schoolplus.office.services.impl.ContinuityServiceImpl [main] Classroom with given id does not exists [classRoomId: 12312312]
2021-09-10 06:49:03,004 INFO com.schoolplus.office.schedulers.RefreshTokensPurgeTask [scheduling-1] Expired tokens have been purged
2021-09-10 06:49:03,172 INFO com.schoolplus.office.services.impl.ClassroomServiceImpl [main] Classroom has been updated deleted [classRoomId: 309, performedBy: username]
2021-09-10 06:49:03,212 WARN com.schoolplus.office.services.impl.ClassroomServiceImpl [main] Classroom with given id does not exists [classRoomId: 12312312]
2021-09-10 06:49:03,259 WARN com.schoolplus.office.services.impl.ClassroomServiceImpl [main] Classroom with given id does not exists [classRoomId:12312312]
2021-09-10 06:49:03,367 WARN com.schoolplus.office.services.impl.ClassroomServiceImpl [main] Classroom with given id does not exists [classRoomId:12341210]
2021-09-10 06:49:03,402 WARN com.schoolplus.office.services.impl.ClassroomServiceImpl [main] Student with given id does not exists [studentId: 8e8db7d6-a940-40ed-8ecf-dbfc642cf2e8]
2021-09-10 06:49:03,431 WARN com.schoolplus.office.services.impl.ClassroomServiceImpl [main] Teacher with given id does not exists [teacherId: ba87d824-c636-4462-add0-e9c37ab9f08b]
2021-09-10 06:49:03,458 INFO com.schoolplus.office.services.impl.ClassroomServiceImpl [main] Classroom has been updated successfully [classRoomId: 345, performedBy: username]
2021-09-10 06:49:03,489 WARN com.schoolplus.office.services.impl.ClassroomServiceImpl [main] Organization with given id does not exists [organizationId: 12312312]
2021-09-10 06:49:03,526 INFO com.schoolplus.office.services.impl.ClassroomServiceImpl [main] Classroom has been created successfully [classRoomId: 354, performedBy: username]
2021-09-10 06:49:03,550 WARN com.schoolplus.office.services.impl.ClassroomServiceImpl [main] Grade with given id does not exists [gradeId: 123123123]
2021-09-10 06:49:03,578 WARN com.schoolplus.office.services.impl.ClassroomServiceImpl [main] Teacher with given id does not exists [teacherId: 4a466191-37ca-44a4-a706-62935c851061]
2021-09-10 06:49:03,602 WARN com.schoolplus.office.services.impl.ClassroomServiceImpl [main] Organization with given id does not exists [organizationId: 123123123]
2021-09-10 06:49:03,629 WARN com.schoolplus.office.services.impl.ClassroomServiceImpl [main] Student with given id does not exists [studentId: 2d96a0ae-b4eb-4e40-a5a2-63f2e269cd2d]
2021-09-10 06:49:03,725 WARN com.schoolplus.office.services.impl.AppointmentServiceImpl [main] The Teacher is not available between the start and end date of the taken appointment [teacherId: b642e253-c2bb-4082-8d8f-ab4f50c107d0, startDate: 2021-08-28T15:00, endDate: 2021-08-28T15:30]
2021-09-10 06:49:03,767 WARN com.schoolplus.office.services.impl.AppointmentServiceImpl [main] The Teacher is not available between the start and end date of the taken appointment [teacherId: 7c5c60f0-e92c-4e57-8e84-08fdcc5e25fb, startDate: 2021-08-28T15:00, endDate: 2021-08-28T15:30]
2021-09-10 06:49:03,797 WARN com.schoolplus.office.services.impl.AppointmentServiceImpl [main] Appointment with given id does not exists [appointmentId: a7fcea14-4ec1-40c5-898c-a7e1da1e94f4]
2021-09-10 06:49:03,822 WARN com.schoolplus.office.services.impl.AppointmentServiceImpl [main] Organization with given id does not exists [organizationId: 12312312312]
2021-09-10 06:49:03,875 WARN com.schoolplus.office.services.impl.AppointmentServiceImpl [main] The Student is not available between the start and end date of the taken appointment [teacherId: 27850b76-42dd-4569-bbba-4353b2e88ca8, startDate: 2021-08-28T15:00, endDate: 2021-08-28T15:30]
2021-09-10 06:49:03,925 WARN com.schoolplus.office.services.impl.AppointmentServiceImpl [main] The Student is not available between the start and end date of the taken appointment [teacherId: 8d4b008a-b72a-48fc-be2b-46c8a8a33d3b, startDate: 2021-08-28T15:00, endDate: 2021-08-28T15:30]
2021-09-10 06:49:03,975 INFO com.schoolplus.office.services.impl.AppointmentServiceImpl [main] The Appointment has been edited successfully [appointmentId: 4fa9210e-de81-443b-b65c-e0ca0e85336f, performedBy: username]
2021-09-10 06:49:04,006 INFO com.schoolplus.office.schedulers.RefreshTokensPurgeTask [scheduling-1] Expired tokens have been purged
2021-09-10 06:49:04,011 WARN com.schoolplus.office.services.impl.AppointmentServiceImpl [main] Teacher with given id does not exists [teachetId: 462a1678-68e0-4e81-9c23-51bd60916286]
2021-09-10 06:49:04,054 WARN com.schoolplus.office.services.impl.AppointmentServiceImpl [main] Student with given id does not exists [studentId: ea02ad70-29d9-4ad2-87dc-7016b4150196]
2021-09-10 06:49:04,095 WARN com.schoolplus.office.services.impl.AppointmentServiceImpl [main] Appointment with given id does not exists [appointmentId: f8d97a8e-4030-43d4-9fc3-95b5a951704c]
2021-09-10 06:49:04,220 WARN com.schoolplus.office.services.impl.AppointmentServiceImpl [main] Appointment with given id does not exists [appointmentId: 17e87eee-c12d-492a-a3ee-50c9f1e041f0]
2021-09-10 06:49:04,326 WARN com.schoolplus.office.services.impl.AppointmentServiceImpl [main] Teacher with given id does not exists [teacherId: 2417717b-e365-4e27-87ad-743f6a28a245]
2021-09-10 06:49:04,363 WARN com.schoolplus.office.services.impl.AppointmentServiceImpl [main] Organization with given id does not exists [organizationId: 12312312312]
2021-09-10 06:49:04,396 WARN com.schoolplus.office.services.impl.AppointmentServiceImpl [main] Student with given id does not exists [studentId: 1e59f36f-8395-4607-b8de-4547317cf711]
2021-09-10 06:49:04,450 INFO com.schoolplus.office.services.impl.AppointmentServiceImpl [main] The Appointment has been created successfully [appointmentId: 90412adc-196a-4968-b5a9-982ac023e154, performedBy: username]
2021-09-10 06:49:04,505 WARN com.schoolplus.office.services.impl.AppointmentServiceImpl [main] The Student is not available between the start and end date of the taken appointment [teacherId: 05bdb536-ea21-4aa0-953c-13a1b361c8e2, startDate: 2021-08-28T16:00, endDate: 2021-08-28T16:30]
2021-09-10 06:49:04,550 WARN com.schoolplus.office.services.impl.AppointmentServiceImpl [main] The Teacher is not available between the start and end date of the taken appointment [teacherId: 935cb429-224e-41e7-877b-beeafe990b36, startDate: 2021-08-28T16:00, endDate: 2021-08-28T16:30]
2021-09-10 06:49:04,595 WARN com.schoolplus.office.services.impl.ParentServiceImpl [main] Student with given id does not exists [studentId: 48781266-958a-4e3b-8bb8-9eb8f2df7a4a]
2021-09-10 06:49:04,615 WARN com.schoolplus.office.services.impl.ParentServiceImpl [main] Parent with given id does not exists [parentId: 4230f997-46c9-45ed-9484-a65482ed9793]
2021-09-10 06:49:04,634 INFO com.schoolplus.office.services.impl.ParentServiceImpl [main] Parent has been edited [parentId: 7723b28c-15fc-4e38-a492-8242d1097338, performedBy: username]
2021-09-10 06:49:04,685 WARN com.schoolplus.office.services.impl.ParentServiceImpl [main] Parent with given id does not exists [parentId: 3562bb28-ca0e-43b8-83c8-d5aa31db3cc8]
2021-09-10 06:49:04,832 WARN com.schoolplus.office.services.impl.ParentServiceImpl [main] Student with given id does not exists [studentId: ee3b818a-c163-418a-bf30-0d3baffc257d]
2021-09-10 06:49:04,946 INFO com.schoolplus.office.services.impl.ParentServiceImpl [main] Parent has been created [parentId: 20787f57-dfdd-4413-b1b8-b51051feb4f7, performedBy: username]
2021-09-10 06:49:05,006 INFO com.schoolplus.office.schedulers.RefreshTokensPurgeTask [scheduling-1] Expired tokens have been purged
2021-09-10 06:49:05,073 WARN com.schoolplus.office.services.impl.AccessTokenServiceImpl [main] The requested authority is not available for the User [userId: 8bb10cf9-2575-4d03-8b7e-8b45be23faa6, authority: INVALID_SCOPE]
2021-09-10 06:49:05,177 WARN com.schoolplus.office.security.UserAuthenticationProvider [main] Passwords are not matching [username: username]
2021-09-10 06:49:05,188 WARN com.schoolplus.office.security.SecurityUserDetailsService [main] User not found by given username [username: invalid_username]
2021-09-10 06:49:05,218 WARN com.schoolplus.office.web.exceptions.RestExceptionHandler [main] MethodArgumentNotValidException: Validation failed for argument [0] in public org.springframework.http.ResponseEntity<com.schoolplus.office.web.models.TokenResponseDto> com.schoolplus.office.web.controllers.authentication.LoginController.handleLogin(com.schoolplus.office.web.models.LoginRequestDto) with 3 errors: [Field error in object 'loginRequestDto' on field 'scopes': rejected value [[]]; codes [NotEmpty.loginRequestDto.scopes,NotEmpty.scopes,NotEmpty.java.util.List,NotEmpty]; arguments [org.springframework.context.support.DefaultMessageSourceResolvable: codes [loginRequestDto.scopes,scopes]; arguments []; default message [scopes]]; default message [must not be empty]] [Field error in object 'loginRequestDto' on field 'password': rejected value [null]; codes [NotEmpty.loginRequestDto.password,NotEmpty.password,NotEmpty.java.lang.String,NotEmpty]; arguments [org.springframework.context.support.DefaultMessageSourceResolvable: codes [loginRequestDto.password,password]; arguments []; default message [password]]; default message [must not be empty]] [Field error in object 'loginRequestDto' on field 'scopes': rejected value [[]]; codes [Size.loginRequestDto.scopes,Size.scopes,Size.java.util.List,Size]; arguments [org.springframework.context.support.DefaultMessageSourceResolvable: codes [loginRequestDto.scopes,scopes]; arguments []; default message [scopes],99,1]; default message [size must be between 1 and 99]] 
2021-09-10 06:49:05,316 INFO com.schoolplus.office.services.impl.AccessTokenServiceImpl [main] Access token has been created for the User in JWT format [userId: 8bb10cf9-2575-4d03-8b7e-8b45be23faa6]
2021-09-10 06:49:05,316 INFO com.schoolplus.office.services.impl.JwtServiceImpl [main] Access token is generated for the User [userId: 8bb10cf9-2575-4d03-8b7e-8b45be23faa6]
2021-09-10 06:49:05,328 INFO com.schoolplus.office.services.impl.LoginServiceImpl [main] The User has been logged successfully [userId: 8bb10cf9-2575-4d03-8b7e-8b45be23faa6]
2021-09-10 06:49:05,361 INFO com.schoolplus.office.services.impl.UserServiceImpl [main] User has been deleted successfully [userId: 8bb10cf9-2575-4d03-8b7e-8b45be23faa6, performedBy: username]
2021-09-10 06:49:05,418 INFO com.schoolplus.office.services.impl.UserServiceImpl [main] User has been edited successfully [userId: 8bb10cf9-2575-4d03-8b7e-8b45be23faa6, performedBy: username]
2021-09-10 06:49:05,446 WARN com.schoolplus.office.services.impl.UserServiceImpl [main] Organization with given id does not exists
2021-09-10 06:49:05,468 WARN com.schoolplus.office.services.impl.UserServiceImpl [main] Authority with given id does not exists [authorityId: 1234]
2021-09-10 06:49:05,497 WARN com.schoolplus.office.services.impl.UserServiceImpl [main] Role with given id does not exists [roleId: 12312321]
2021-09-10 06:49:05,523 WARN com.schoolplus.office.services.impl.UserServiceImpl [main] Role with given id does not exists [roleId: 1123321]
2021-09-10 06:49:05,553 WARN com.schoolplus.office.services.impl.UserServiceImpl [main] User with given id does not exists given [userId: 4cc24c55-8d96-472e-9d38-80084de637d3]
2021-09-10 06:49:05,576 WARN com.schoolplus.office.services.impl.UserServiceImpl [main] Authority with given id does not exists [authorityId: 112345]
2021-09-10 06:49:05,594 WARN com.schoolplus.office.services.impl.UserServiceImpl [main] User with given id does not exists given [userId: 0b0ab86d-866a-4d8d-a4e5-c3af339544b6]
2021-09-10 06:49:06,006 INFO com.schoolplus.office.schedulers.RefreshTokensPurgeTask [scheduling-1] Expired tokens have been purged
2021-09-10 06:49:07,003 INFO com.schoolplus.office.schedulers.RefreshTokensPurgeTask [scheduling-1] Expired tokens have been purged
2021-09-10 06:49:08,002 INFO com.schoolplus.office.schedulers.RefreshTokensPurgeTask [scheduling-1] Expired tokens have been purged
2021-09-10 06:49:09,004 INFO com.schoolplus.office.schedulers.RefreshTokensPurgeTask [scheduling-1] Expired tokens have been purged
2021-09-10 06:49:09,411 WARN com.schoolplus.office.services.impl.StudentServiceImpl [main] Student with given id does not exists [studentId: a8f47320-c2d8-46d0-bd6a-ef1d1dca7b71]
2021-09-10 06:49:09,490 INFO com.schoolplus.office.services.impl.StudentServiceImpl [main] User has been edited [userId: 39d83db5-fb15-4883-b414-356cec52a303, performedBy: username]
2021-09-10 06:49:09,527 WARN com.schoolplus.office.services.impl.StudentServiceImpl [main] Parent with given id does not exists [parentId: 108303eb-7305-43ae-acea-9c1926614164]
2021-09-10 06:49:09,554 WARN com.schoolplus.office.services.impl.StudentServiceImpl [main] Student with given id does not exists [studentId: 25fdfa1b-1bf2-4932-b427-dd0c157bdf05]
2021-09-10 06:49:09,584 WARN com.schoolplus.office.services.impl.StudentServiceImpl [main] Grade with given id does not exists [gradeId: 12312312312]
2021-09-10 06:49:09,731 WARN com.schoolplus.office.services.impl.StudentServiceImpl [main] Authority with given id does not exists [authorityId: 31513]
2021-09-10 06:49:09,849 WARN com.schoolplus.office.services.impl.StudentServiceImpl [main] Role with given id does not exists [roleId: 1231232]
2021-09-10 06:49:09,974 INFO com.schoolplus.office.services.impl.StudentServiceImpl [main] User has been created [userId: 0556c1e2-5c12-418d-b5fa-9c690ae818c3, performedBy: username]
2021-09-10 06:49:10,002 INFO com.schoolplus.office.schedulers.RefreshTokensPurgeTask [scheduling-1] Expired tokens have been purged
2021-09-10 06:49:10,090 WARN com.schoolplus.office.services.impl.StudentServiceImpl [main] Parent with given id does not exists [parentId: 8c03e737-3049-47ca-81c8-260cd1c8fdac]
2021-09-10 06:49:10,201 WARN com.schoolplus.office.services.impl.StudentServiceImpl [main] Grade with given id does not exists [gradeId: 31513]
2021-09-10 06:49:10,232 WARN com.schoolplus.office.services.impl.OrganizationServiceImpl [main] Organization with given id does not exists [organizationId: 123123]
2021-09-10 06:49:10,278 WARN com.schoolplus.office.services.impl.OrganizationServiceImpl [main] Organization with given id does not exists [organizationId: 123123]
2021-09-10 06:49:10,301 INFO com.schoolplus.office.services.impl.OrganizationServiceImpl [main] The organization has been created successfully [organizationId: 468, performedBy: username]
2021-09-10 06:49:10,329 WARN com.schoolplus.office.services.impl.OrganizationServiceImpl [main] Organization with given id does not exists [organizationId: 12312312]
2021-09-10 06:49:10,389 INFO com.schoolplus.office.services.impl.OrganizationServiceImpl [main] The organization has been created successfully [organizationId: null, performedBy: username]
2021-09-10 06:49:10,433 INFO com.schoolplus.office.services.impl.AccessTokenServiceImpl [main] Access token has been created for the User in JWT format [userId: c33be8bf-271f-4832-913b-c0f387c3cd82]
2021-09-10 06:49:10,434 INFO com.schoolplus.office.services.impl.JwtServiceImpl [main] Access token is generated for the User [userId: c33be8bf-271f-4832-913b-c0f387c3cd82]
2021-09-10 06:49:10,453 WARN com.schoolplus.office.services.impl.AccessTokenServiceImpl [main] Token is empty
2021-09-10 06:49:10,476 INFO com.schoolplus.office.services.impl.AccessTokenServiceImpl [main] Access token has been created for the User in JWT format [userId: f0e8fecf-6d02-4157-bf91-7ee08e8d2513]
2021-09-10 06:49:10,476 INFO com.schoolplus.office.services.impl.JwtServiceImpl [main] Access token is generated for the User [userId: f0e8fecf-6d02-4157-bf91-7ee08e8d2513]
2021-09-10 06:49:10,502 INFO com.schoolplus.office.services.impl.AccessTokenServiceImpl [main] Access token has been created for the User in JWT format [userId: ed6a58cc-d570-4997-ae27-ca93b395e669]
2021-09-10 06:49:10,503 INFO com.schoolplus.office.services.impl.JwtServiceImpl [main] Access token is generated for the User [userId: ed6a58cc-d570-4997-ae27-ca93b395e669]
2021-09-10 06:49:10,508 INFO com.schoolplus.office.services.impl.AccessTokenServiceImpl [main] Access token has been created for the User in JWT format [userId: ed6a58cc-d570-4997-ae27-ca93b395e669]
2021-09-10 06:49:10,508 INFO com.schoolplus.office.services.impl.JwtServiceImpl [main] Access token is generated for the User [userId: ed6a58cc-d570-4997-ae27-ca93b395e669]
2021-09-10 06:49:10,516 WARN com.schoolplus.office.services.impl.AccessTokenServiceImpl [main] The given token is expired [token: eyJraWQiOiIxIiwiYWxnIjoiUlMyNTYifQ.eyJzdWIiOiJlZDZhNThjYy1kNTcwLTQ5OTctYWUyNy1jYTkzYjM5NWU2NjkiLCJhdWQiOiJ1cmwiLCJuYmYiOjE2MzEyNDU3NTAsInJvbGVzIjpbXSwiaXNzIjoidXJsIiwic2NvcGVzIjoiVkpOWFdTSk1DUSIsImV4cCI6MTYzMTI0NTc1MCwiaWF0IjoxNjMxMjQ1NzUwLCJqdGkiOiIyOGQwMTM3MC1jNmVlLTQzYmUtYTA0Ny00YTM2N2M2YTJlZDUifQ.MgBWsD2xmjA0Cuuz8EPxAvZLSkIBvcce2W-Dz2xtEhDj3ttfpqsdoNLVdOA1C4SGB5tiR6uCfx5kBQZIwIoxTkMVnCEaKzeIYe8jliztRydxG53gg780W_NKK-wYXH-NSspjoJeGzb5ajbTZOrBkkrPK0QS5UJVuBCc4TcCJKQHCC69qG4Dtg7GBT63_K24CNs__Qq1Tvrb5Oo2xkaCDcBwDczjX_nEI63zYtK6VkHu7cjkM3qETJcTFO-hVa-CMouhIvgIcAOPbbgRh4kuezS_NxVz5mTpZKfQNSWhJ9mVIvsmWncXpeESICyDCJR10dru-7Bc0KsiGY1pa1z84qA]
2021-09-10 06:49:10,535 INFO com.schoolplus.office.services.impl.AccessTokenServiceImpl [main] Access token has been created for the User in JWT format [userId: 5301f320-634f-4152-98bd-4ec0ad480a21]
2021-09-10 06:49:10,535 INFO com.schoolplus.office.services.impl.JwtServiceImpl [main] Access token is generated for the User [userId: 5301f320-634f-4152-98bd-4ec0ad480a21]
2021-09-10 06:49:10,542 WARN com.schoolplus.office.services.impl.JwtServiceImpl [main] Error while parsing jwt [message: Invalid serialized unsecured/JWS/JWE object: Missing part delimiters]
2021-09-10 06:49:10,576 WARN com.schoolplus.office.services.impl.RefreshTokenServiceImpl [main] Refresh token is empty or it was not inside request [refreshToken: Q47rVFQCl3oryFQSCa5ZaO42qT5bV0oDAOyF9rFa06OAjdo4]
2021-09-10 06:49:10,602 WARN com.schoolplus.office.services.impl.RefreshTokenServiceImpl [main] Refresh token is empty or it was not inside request [refreshToken: null]
2021-09-10 06:49:10,666 INFO com.schoolplus.office.services.impl.AccessTokenServiceImpl [main] Access token has been created for the User in JWT format [userId: 3bd179e0-a49c-4a2d-b731-85c5a93c98e7]
2021-09-10 06:49:10,667 INFO com.schoolplus.office.services.impl.JwtServiceImpl [main] Access token is generated for the User [userId: 3bd179e0-a49c-4a2d-b731-85c5a93c98e7]
2021-09-10 06:49:10,718 WARN com.schoolplus.office.services.impl.RefreshTokenServiceImpl [main] Refresh token with given id does not exists [refreshToken: 2IpQQdYWfMrbSuF8LsruAzdZo8Kj3IWonsFtGMovnNm8iKun]
2021-09-10 06:49:10,748 WARN com.schoolplus.office.services.impl.RefreshTokenServiceImpl [main] Refresh token with given id does not exists [refreshToken: Z3BeqFqUiw1Kt3u30iHfg2Y7WWgVvDG7BP84nm2YioqatBZI]
2021-09-10 06:49:10,775 WARN com.schoolplus.office.services.impl.AccessTokenServiceImpl [main] The requested authority is not available for the User [userId: 18109f0f-20f4-4a02-bbb7-e4268723118e, authority: XCHOD]
2021-09-10 06:49:10,803 WARN com.schoolplus.office.services.impl.RefreshTokenServiceImpl [main] Refresh token is empty or it was not inside request [refreshToken: null]
2021-09-10 06:49:11,005 INFO com.schoolplus.office.schedulers.RefreshTokensPurgeTask [scheduling-1] Expired tokens have been purged
2021-09-10 06:49:11,977 INFO org.springframework.boot.StartupInfoLogger [main] Starting SchoolManagementApplicationTests using Java 11.0.11 on Berk-MacBook-Pro.local with PID 31820 (started by berktopcu in /Users/berktopcu/Desktop/works/projects/school-management/school-management-backend)
2021-09-10 06:49:11,977 DEBUG org.springframework.boot.StartupInfoLogger [main] Running with Spring Boot v2.5.3, Spring v5.3.9
2021-09-10 06:49:11,977 INFO org.springframework.boot.SpringApplication [main] The following profiles are active: local
2021-09-10 06:49:12,004 INFO com.schoolplus.office.schedulers.RefreshTokensPurgeTask [scheduling-1] Expired tokens have been purged
2021-09-10 06:49:12,468 WARN com.zaxxer.hikari.util.DriverDataSource [main] Registered driver with driverClassName=com.mysql.jdbc.Driver was not found, trying direct instantiation.
2021-09-10 06:49:13,005 INFO com.schoolplus.office.schedulers.RefreshTokensPurgeTask [scheduling-1] Expired tokens have been purged
2021-09-10 06:49:14,009 INFO com.schoolplus.office.schedulers.RefreshTokensPurgeTask [scheduling-1] Expired tokens have been purged
2021-09-10 06:49:14,477 WARN org.springframework.boot.autoconfigure.orm.jpa.JpaBaseConfiguration$JpaWebConfiguration [main] spring.jpa.open-in-view is enabled by default. Therefore, database queries may be performed during view rendering. Explicitly configure spring.jpa.open-in-view to disable this warning
2021-09-10 06:49:15,135 INFO com.schoolplus.office.schedulers.RefreshTokensPurgeTask [scheduling-1] Expired tokens have been purged
2021-09-10 06:49:15,635 INFO org.springframework.boot.StartupInfoLogger [main] Started SchoolManagementApplicationTests in 4.818 seconds (JVM running for 28.896)
2021-09-10 06:49:15,760 INFO com.schoolplus.office.bootstrap.DataLoader [main] Initial User has been created
2021-09-10 06:49:15,819 WARN com.schoolplus.office.services.impl.TeacherServiceImpl [main] Teaching Subject with given id does not exists [teachingSubjectId: 123123]
2021-09-10 06:49:15,849 WARN com.schoolplus.office.services.impl.TeacherServiceImpl [main] Teacher with given id does not exists [teacherId: f50eea42-0813-4129-af91-c22527d31189]
2021-09-10 06:49:15,892 INFO com.schoolplus.office.services.impl.TeacherServiceImpl [main] Teacher has been updated [teacherId: fa03f4b3-38b6-42ce-a2d1-db2413261971, performedBy: username]
2021-09-10 06:49:15,936 WARN com.schoolplus.office.services.impl.TeacherServiceImpl [main] Teacher with given id does not exists [teacherId: c7811f66-572a-46cc-a1ea-accfa8aaf5a0]
2021-09-10 06:49:16,004 INFO com.schoolplus.office.schedulers.RefreshTokensPurgeTask [scheduling-1] Expired tokens have been purged
2021-09-10 06:49:16,004 INFO com.schoolplus.office.schedulers.RefreshTokensPurgeTask [scheduling-1] Expired tokens have been purged
2021-09-10 06:49:16,098 WARN com.schoolplus.office.services.impl.TeacherServiceImpl [main] Teaching Subject with given id does not exists [teachingSubjectId: 12312]
2021-09-10 06:49:16,205 INFO com.schoolplus.office.services.impl.TeacherServiceImpl [main] Teacher has been created [teacherId: 1df322b0-2afa-49b3-8633-535635de2358, performedBy: username]
2021-09-10 06:49:16,248 WARN com.schoolplus.office.services.impl.AnnouncementServiceImpl [main] Announcement with given id does not exists [announcementId: 123123123]
2021-09-10 06:49:16,287 INFO com.schoolplus.office.services.impl.AnnouncementServiceImpl [main] The announcement has been deleted successfully [announcementId: 24, performedBy: username]
2021-09-10 06:49:16,327 WARN com.schoolplus.office.services.impl.AnnouncementServiceImpl [main] Organization with given id does not exists [organizationId: 12312321]
2021-09-10 06:49:16,361 INFO com.schoolplus.office.services.impl.AnnouncementServiceImpl [main] The announcement has been updated successfully [announcementId: 31, performedBy: username]
2021-09-10 06:49:16,400 WARN com.schoolplus.office.services.impl.AnnouncementServiceImpl [main] Announcement with given id does not exists [announcementId: 123]
2021-09-10 06:49:16,436 INFO com.schoolplus.office.services.impl.AnnouncementServiceImpl [main] The announcement images has been deleted [announcementId: 38, performedBy: username]
2021-09-10 06:49:16,460 WARN com.schoolplus.office.services.impl.AnnouncementServiceImpl [main] Announcement with given id does not exists [announcementId: 1231231231]
2021-09-10 06:49:16,511 INFO com.schoolplus.office.services.impl.AnnouncementServiceImpl [main] The announcement images has been added [announcementId: 44, performedBy: username]
2021-09-10 06:49:16,537 WARN com.schoolplus.office.services.impl.AnnouncementServiceImpl [main] Announcement with given id does not exists [announcementId: 123123123]
2021-09-10 06:49:16,569 INFO com.schoolplus.office.services.impl.AnnouncementServiceImpl [main] The announcement has been created successfully [announcementId: 53, performedBy: username]
2021-09-10 06:49:16,717 WARN com.schoolplus.office.services.impl.AnnouncementServiceImpl [main] Announcement with given id does not exists [announcementId: 123123123]
2021-09-10 06:49:17,003 INFO com.schoolplus.office.schedulers.RefreshTokensPurgeTask [scheduling-1] Expired tokens have been purged
2021-09-10 06:49:17,003 INFO com.schoolplus.office.schedulers.RefreshTokensPurgeTask [scheduling-1] Expired tokens have been purged
2021-09-10 06:49:17,053 WARN com.schoolplus.office.services.impl.TeachingSubjectServiceImpl [main] Teaching Subject with given id does not exists [teachingSubjectId: 12312312]
2021-09-10 06:49:17,091 INFO com.schoolplus.office.services.impl.TeachingSubjectServiceImpl [main] The Teaching Subject has been deleted successfully [teachingSubjectId: 191, performedBy: username]
2021-09-10 06:49:17,161 INFO com.schoolplus.office.services.impl.TeachingSubjectServiceImpl [main] The Teaching Subject has been updated successfully [teachingSubjectId: 194, performedBy: username]
2021-09-10 06:49:17,216 WARN com.schoolplus.office.services.impl.TeachingSubjectServiceImpl [main] Teacher with given id does not exists [teacherId: 69787c93-3023-454c-ad30-04b9be13f24c]
2021-09-10 06:49:17,242 WARN com.schoolplus.office.services.impl.TeachingSubjectServiceImpl [main] Teaching Subject with given id does not exists [teachingSubjectId: 12312312]
2021-09-10 06:49:17,270 WARN com.schoolplus.office.services.impl.TeachingSubjectServiceImpl [main] Organization with given id does not exists [organizationId: 123123123]
2021-09-10 06:49:17,300 WARN com.schoolplus.office.services.impl.TeachingSubjectServiceImpl [main] Teaching Subject with given id does not exists [teachingSubjectId: 12312312]
2021-09-10 06:49:17,431 WARN com.schoolplus.office.services.impl.TeachingSubjectServiceImpl [main] Teacher with given id does not exists [teacherId: 3d5febd9-0ec5-4f31-ad15-73f4491428d8]
2021-09-10 06:49:17,452 INFO com.schoolplus.office.services.impl.TeachingSubjectServiceImpl [main] The Teaching Subject has been created successfully [teachingSubjectId: null, performedBy: username]
2021-09-10 06:49:17,483 WARN com.schoolplus.office.services.impl.TeachingSubjectServiceImpl [main] Organization with given id does not exists [organizationId: 123123123]
2021-09-10 06:49:17,528 INFO com.schoolplus.office.services.impl.GradeServiceImpl [main] Grade has been deleted successfully [gradeId: 218, performedBy: username]
2021-09-10 06:49:17,556 WARN com.schoolplus.office.services.impl.GradeServiceImpl [main] Grade with given id does not exists [gradeId: 123123123]
2021-09-10 06:49:17,603 WARN com.schoolplus.office.services.impl.GradeServiceImpl [main] Organization with given id does not exists [organizationId: 123123123]
2021-09-10 06:49:17,646 INFO com.schoolplus.office.services.impl.GradeServiceImpl [main] Grade has been edited successfully [gradeId: 229, performedBy: username]
2021-09-10 06:49:17,684 WARN com.schoolplus.office.services.impl.GradeServiceImpl [main] Classroom with given id does not exists [classRoomId: 123123]
2021-09-10 06:49:17,718 WARN com.schoolplus.office.services.impl.GradeServiceImpl [main] Organization with given id does not exists [organizationId: 123123123]
2021-09-10 06:49:17,753 INFO com.schoolplus.office.services.impl.GradeServiceImpl [main] Grade has been created successfully [gradeId: 248, performedBy: username]
2021-09-10 06:49:17,783 WARN com.schoolplus.office.services.impl.GradeServiceImpl [main] Classroom with given id does not exists [classRoomId: 123123]
2021-09-10 06:49:17,842 WARN com.schoolplus.office.services.impl.GradeServiceImpl [main] Grade with given id does not exists [gradeId: 123123123]
2021-09-10 08:14:42,587 INFO org.springframework.boot.StartupInfoLogger [main] Starting AnnouncementManagementControllerTest using Java 11.0.11 on Berk-MacBook-Pro.local with PID 32422 (started by berktopcu in /Users/berktopcu/Desktop/works/projects/school-management/school-management-backend)
2021-09-10 08:14:42,591 DEBUG org.springframework.boot.StartupInfoLogger [main] Running with Spring Boot v2.5.3, Spring v5.3.9
2021-09-10 08:14:42,592 INFO org.springframework.boot.SpringApplication [main] The following profiles are active: local
2021-09-10 08:14:45,061 WARN com.zaxxer.hikari.util.DriverDataSource [main] Registered driver with driverClassName=com.mysql.jdbc.Driver was not found, trying direct instantiation.
2021-09-10 08:14:49,036 WARN org.springframework.boot.autoconfigure.orm.jpa.JpaBaseConfiguration$JpaWebConfiguration [main] spring.jpa.open-in-view is enabled by default. Therefore, database queries may be performed during view rendering. Explicitly configure spring.jpa.open-in-view to disable this warning
2021-09-10 08:14:51,613 INFO org.springframework.boot.StartupInfoLogger [main] Started AnnouncementManagementControllerTest in 9.708 seconds (JVM running for 11.484)
2021-09-10 08:14:51,903 INFO com.schoolplus.office.bootstrap.DataLoader [main] Initial User has been created
2021-09-10 08:15:44,146 INFO org.springframework.boot.StartupInfoLogger [main] Starting AnnouncementManagementControllerTest using Java 11.0.11 on Berk-MacBook-Pro.local with PID 32434 (started by berktopcu in /Users/berktopcu/Desktop/works/projects/school-management/school-management-backend)
2021-09-10 08:15:44,149 DEBUG org.springframework.boot.StartupInfoLogger [main] Running with Spring Boot v2.5.3, Spring v5.3.9
2021-09-10 08:15:44,150 INFO org.springframework.boot.SpringApplication [main] The following profiles are active: local
2021-09-10 08:15:46,568 WARN com.zaxxer.hikari.util.DriverDataSource [main] Registered driver with driverClassName=com.mysql.jdbc.Driver was not found, trying direct instantiation.
2021-09-10 08:15:50,550 WARN org.springframework.boot.autoconfigure.orm.jpa.JpaBaseConfiguration$JpaWebConfiguration [main] spring.jpa.open-in-view is enabled by default. Therefore, database queries may be performed during view rendering. Explicitly configure spring.jpa.open-in-view to disable this warning
2021-09-10 08:15:53,072 INFO org.springframework.boot.StartupInfoLogger [main] Started AnnouncementManagementControllerTest in 9.352 seconds (JVM running for 10.934)
2021-09-10 08:15:53,337 INFO com.schoolplus.office.bootstrap.DataLoader [main] Initial User has been created
2021-09-10 08:15:53,758 WARN com.schoolplus.office.web.exceptions.RestExceptionHandler [main] IllegalArgumentException: Failed to evaluate expression 'hasPermission(announcementId, 'announcement', 'ROLE_ADMIN')'
2021-09-10 08:16:19,702 INFO org.springframework.boot.StartupInfoLogger [main] Starting AnnouncementManagementControllerTest using Java 11.0.11 on Berk-MacBook-Pro.local with PID 32448 (started by berktopcu in /Users/berktopcu/Desktop/works/projects/school-management/school-management-backend)
2021-09-10 08:16:19,704 DEBUG org.springframework.boot.StartupInfoLogger [main] Running with Spring Boot v2.5.3, Spring v5.3.9
2021-09-10 08:16:19,704 INFO org.springframework.boot.SpringApplication [main] The following profiles are active: local
2021-09-10 08:16:21,897 WARN com.zaxxer.hikari.util.DriverDataSource [main] Registered driver with driverClassName=com.mysql.jdbc.Driver was not found, trying direct instantiation.
2021-09-10 08:16:25,699 WARN org.springframework.boot.autoconfigure.orm.jpa.JpaBaseConfiguration$JpaWebConfiguration [main] spring.jpa.open-in-view is enabled by default. Therefore, database queries may be performed during view rendering. Explicitly configure spring.jpa.open-in-view to disable this warning
2021-09-10 08:16:28,026 INFO org.springframework.boot.StartupInfoLogger [main] Started AnnouncementManagementControllerTest in 8.639 seconds (JVM running for 10.178)
2021-09-10 08:16:28,287 INFO com.schoolplus.office.bootstrap.DataLoader [main] Initial User has been created
2021-09-10 08:16:44,693 INFO org.springframework.boot.StartupInfoLogger [main] Starting AnnouncementManagementControllerTest using Java 11.0.11 on Berk-MacBook-Pro.local with PID 32460 (started by berktopcu in /Users/berktopcu/Desktop/works/projects/school-management/school-management-backend)
2021-09-10 08:16:44,696 DEBUG org.springframework.boot.StartupInfoLogger [main] Running with Spring Boot v2.5.3, Spring v5.3.9
2021-09-10 08:16:44,696 INFO org.springframework.boot.SpringApplication [main] The following profiles are active: local
2021-09-10 08:16:47,138 WARN com.zaxxer.hikari.util.DriverDataSource [main] Registered driver with driverClassName=com.mysql.jdbc.Driver was not found, trying direct instantiation.
2021-09-10 08:16:51,824 WARN org.springframework.boot.autoconfigure.orm.jpa.JpaBaseConfiguration$JpaWebConfiguration [main] spring.jpa.open-in-view is enabled by default. Therefore, database queries may be performed during view rendering. Explicitly configure spring.jpa.open-in-view to disable this warning
2021-09-10 08:16:54,127 INFO org.springframework.boot.StartupInfoLogger [main] Started AnnouncementManagementControllerTest in 9.938 seconds (JVM running for 11.584)
2021-09-10 08:16:54,392 INFO com.schoolplus.office.bootstrap.DataLoader [main] Initial User has been created
